\BOOKMARK [0][-]{chapter.1}{\376\377\000I\000n\000d\000i\000c\000e\000s\000\040\000a\000n\000d\000\040\000t\000a\000b\000l\000e\000s}{}% 1
\BOOKMARK [0][-]{chapter.2}{\376\377\000I\000n\000t\000r\000o\000d\000u\000c\000t\000i\000o\000n}{}% 2
\BOOKMARK [0][-]{chapter.3}{\376\377\000T\000o\000o\000l\000\040\000s\000e\000t\000-\000u\000p}{}% 3
\BOOKMARK [1][-]{section.3.1}{\376\377\000C\000o\000d\000e\000\040\000s\000e\000t\000\040\000u\000p}{chapter.3}% 4
\BOOKMARK [1][-]{section.3.2}{\376\377\000D\000a\000t\000a\000\040\000d\000i\000r\000e\000c\000t\000o\000r\000y\000\040\000s\000e\000t\000u\000p}{chapter.3}% 5
\BOOKMARK [1][-]{section.3.3}{\376\377\000P\000a\000t\000h\000s\000\040\000s\000e\000t\000u\000p}{chapter.3}% 6
\BOOKMARK [0][-]{chapter.4}{\376\377\000M\000a\000r\000i\000n\000e\000\040\000U\000s\000e\000r\000\040\000G\000u\000i\000d\000e}{}% 7
\BOOKMARK [1][-]{section.4.1}{\376\377\000I\000n\000i\000t\000i\000a\000l\000i\000z\000i\000n\000g\000\040\000a\000\040\000n\000e\000w\000\040\000u\000s\000e\000r\000\040\000g\000u\000i\000d\000e}{chapter.4}% 8
\BOOKMARK [1][-]{section.4.2}{\376\377\000D\000a\000t\000a\000\040\000s\000u\000m\000m\000a\000r\000i\000e\000s}{chapter.4}% 9
\BOOKMARK [2][-]{subsection.4.2.1}{\376\377\000M\000o\000n\000t\000h\000l\000y\000\040\000g\000r\000i\000d\000s}{section.4.2}% 10
\BOOKMARK [2][-]{subsection.4.2.2}{\376\377\000M\000o\000n\000t\000h\000l\000y\000\040\000t\000i\000m\000e\000\040\000s\000e\000r\000i\000e\000s\000\040\000o\000f\000\040\000s\000e\000l\000e\000c\000t\000e\000d\000\040\000q\000u\000a\000l\000i\000t\000y\000\040\000i\000n\000d\000i\000c\000a\000t\000o\000r\000s}{section.4.2}% 11
\BOOKMARK [1][-]{section.4.3}{\376\377\000F\000i\000g\000u\000r\000e\000s}{chapter.4}% 12
\BOOKMARK [2][-]{subsection.4.3.1}{\376\377\000N\000u\000m\000b\000e\000r\000\040\000o\000f\000\040\000r\000e\000p\000o\000r\000t\000s\000\040\000t\000i\000m\000e\000\040\000s\000e\000r\000i\000e\000s\000\040\000p\000l\000o\000t}{section.4.3}% 13
\BOOKMARK [2][-]{subsection.4.3.2}{\376\377\000D\000u\000p\000l\000i\000c\000a\000t\000e\000\040\000s\000t\000a\000t\000u\000s\000\040\000t\000i\000m\000e\000\040\000s\000e\000r\000i\000e\000s\000\040\000p\000l\000o\000t}{section.4.3}% 14
\BOOKMARK [2][-]{subsection.4.3.3}{\376\377\000R\000e\000p\000o\000r\000t\000\040\000q\000u\000a\000l\000i\000t\000y\000\040\000t\000i\000m\000e\000\040\000s\000e\000r\000i\000e\000s\000\040\000p\000l\000o\000t}{section.4.3}% 15
\BOOKMARK [2][-]{subsection.4.3.4}{\376\377\000N\000u\000m\000b\000e\000r\000\040\000o\000f\000\040\000r\000e\000p\000o\000r\000t\000s\000\040\000H\000o\000v\000m\000\366\000l\000l\000e\000r\000\040\000p\000l\000o\000t\000s}{section.4.3}% 16
\BOOKMARK [2][-]{subsection.4.3.5}{\376\377\000E\000C\000V\000\040\000c\000o\000v\000e\000r\000a\000g\000e\000\040\000t\000i\000m\000e\000\040\000s\000e\000r\000i\000e\000s\000\040\000p\000l\000o\000t\000\040\000g\000r\000i\000d}{section.4.3}% 17
\BOOKMARK [2][-]{subsection.4.3.6}{\376\377\000N\000u\000m\000b\000e\000r\000\040\000o\000f\000\040\000r\000e\000p\000o\000r\000t\000s\000\040\000a\000n\000d\000\040\000n\000u\000m\000b\000e\000r\000\040\000o\000f\000\040\000m\000o\000n\000t\000h\000s\000\040\000m\000a\000p\000s}{section.4.3}% 18
\BOOKMARK [2][-]{subsection.4.3.7}{\376\377\000M\000e\000a\000n\000\040\000o\000b\000s\000e\000r\000v\000e\000d\000\040\000v\000a\000l\000u\000e\000\040\000m\000a\000p\000s}{section.4.3}% 19
\BOOKMARK [0][-]{chapter.5}{\376\377\000I\000n\000d\000i\000v\000i\000d\000u\000a\000l\000\040\000s\000o\000u\000r\000c\000e\000-\000d\000e\000c\000k\000\040\000r\000e\000p\000o\000r\000t\000s}{}% 20
\BOOKMARK [1][-]{section.5.1}{\376\377\000R\000e\000p\000o\000r\000t\000s\000\040\000o\000n\000\040\000a\000\040\000r\000e\000l\000e\000a\000s\000e\000\040\000m\000e\000r\000g\000e}{chapter.5}% 21
\BOOKMARK [1][-]{section.5.2}{\376\377\000D\000a\000t\000a\000\040\000d\000a\000t\000a\000\040\000s\000u\000m\000m\000a\000r\000i\000e\000s}{chapter.5}% 22
\BOOKMARK [2][-]{subsection.5.2.1}{\376\377\000M\000o\000n\000t\000h\000l\000y\000\040\000g\000r\000i\000d\000s}{section.5.2}% 23
\BOOKMARK [2][-]{subsection.5.2.2}{\376\377\000M\000o\000n\000t\000h\000l\000y\000\040\000t\000i\000m\000e\000\040\000s\000e\000r\000i\000e\000s\000\040\000o\000f\000\040\000s\000e\000l\000e\000c\000t\000e\000d\000\040\000q\000u\000a\000l\000i\000t\000y\000\040\000i\000n\000d\000i\000c\000a\000t\000o\000r\000s}{section.5.2}% 24
\BOOKMARK [2][-]{subsection.5.2.3}{\376\377\000M\000o\000n\000t\000h\000l\000y\000\040\000t\000i\000m\000e\000\040\000s\000e\000r\000i\000e\000s\000\040\000w\000i\000t\000h\000\040\000s\000o\000u\000r\000c\000e\000\040\000t\000o\000\040\000C\0003\000S\000\040\000I\000O\000\040\000f\000l\000o\000w}{section.5.2}% 25
\BOOKMARK [1][-]{section.5.3}{\376\377\000F\000i\000g\000u\000r\000e\000s}{chapter.5}% 26
\BOOKMARK [2][-]{subsection.5.3.1}{\376\377\000E\000C\000V\000\040\000r\000e\000p\000o\000r\000t\000s\000\040\000t\000i\000m\000e\000\040\000s\000e\000r\000i\000e\000s\000\040\000p\000l\000o\000t\000s}{section.5.3}% 27
\BOOKMARK [2][-]{subsection.5.3.2}{\376\377\000O\000b\000s\000e\000r\000v\000e\000d\000\040\000p\000a\000r\000a\000m\000e\000t\000e\000r\000s\000\040\000l\000a\000t\000i\000t\000u\000d\000i\000n\000a\000l\000\040\000t\000i\000m\000e\000\040\000s\000e\000r\000i\000e\000s}{section.5.3}% 28
\BOOKMARK [2][-]{subsection.5.3.3}{\376\377\000D\000u\000p\000l\000i\000c\000a\000t\000e\000\040\000s\000t\000a\000t\000u\000s\000\040\000t\000i\000m\000e\000\040\000s\000e\000r\000i\000e\000s\000\040\000p\000l\000o\000t}{section.5.3}% 29
\BOOKMARK [2][-]{subsection.5.3.4}{\376\377\000R\000e\000p\000o\000r\000t\000\040\000q\000u\000a\000l\000i\000t\000y\000\040\000t\000i\000m\000e\000\040\000s\000e\000r\000i\000e\000s\000\040\000p\000l\000o\000t}{section.5.3}% 30
\BOOKMARK [2][-]{subsection.5.3.5}{\376\377\000M\000o\000n\000t\000h\000l\000y\000\040\000t\000i\000m\000e\000\040\000s\000e\000r\000i\000e\000s\000\040\000w\000i\000t\000h\000\040\000s\000o\000u\000r\000c\000e\000\040\000t\000o\000\040\000C\0003\000S\000\040\000I\000O\000\040\000f\000l\000o\000w}{section.5.3}% 31
\BOOKMARK [0][-]{chapter.6}{\376\377\000A\000p\000p\000e\000n\000d\000i\000x\000\040\0001\000.\000\040\000M\000a\000r\000i\000n\000e\000\040\000U\000s\000e\000r\000\040\000G\000u\000i\000d\000e\000\040\000c\000o\000n\000f\000i\000g\000u\000r\000a\000t\000i\000o\000n\000\040\000f\000i\000l\000e\000s}{}% 32
\BOOKMARK [1][-]{section.6.1}{\376\377\000l\000e\000v\000e\000l\0002\000\040\000f\000i\000l\000e\000\040\000f\000o\000r\000m\000a\000t}{chapter.6}% 33
\BOOKMARK [1][-]{section.6.2}{\376\377\000M\000a\000r\000i\000n\000e\000\040\000u\000s\000e\000r\000\040\000g\000u\000i\000d\000e\000\040\000d\000a\000t\000a\000\040\000c\000o\000n\000f\000i\000g\000u\000r\000a\000t\000i\000o\000n\000\040\000f\000i\000l\000e}{chapter.6}% 34
\BOOKMARK [1][-]{section.6.3}{\376\377\000M\000o\000n\000t\000h\000l\000y\000\040\000g\000r\000i\000d\000s}{chapter.6}% 35
\BOOKMARK [1][-]{section.6.4}{\376\377\000Q\000u\000a\000l\000i\000t\000y\000\040\000i\000n\000d\000i\000c\000a\000t\000o\000r\000s\000\040\000t\000i\000m\000e\000\040\000s\000e\000r\000i\000e\000s}{chapter.6}% 36
\BOOKMARK [1][-]{section.6.5}{\376\377\000N\000u\000m\000b\000e\000r\000\040\000o\000f\000\040\000r\000e\000p\000o\000r\000t\000s\000\040\000t\000i\000m\000e\000\040\000s\000e\000r\000i\000e\000s\000\040\000p\000l\000o\000t}{chapter.6}% 37
\BOOKMARK [1][-]{section.6.6}{\376\377\000D\000u\000p\000l\000i\000c\000a\000t\000e\000\040\000s\000t\000a\000t\000u\000s\000\040\000t\000i\000m\000e\000\040\000s\000e\000r\000i\000e\000s\000\040\000p\000l\000o\000t}{chapter.6}% 38
\BOOKMARK [1][-]{section.6.7}{\376\377\000R\000e\000p\000o\000r\000t\000\040\000q\000u\000a\000l\000i\000t\000y\000\040\000t\000i\000m\000e\000\040\000s\000e\000r\000i\000e\000s\000\040\000p\000l\000o\000t}{chapter.6}% 39
\BOOKMARK [1][-]{section.6.8}{\376\377\000N\000u\000m\000b\000e\000r\000\040\000o\000f\000\040\000r\000e\000p\000o\000r\000t\000s\000\040\000H\000o\000v\000m\000\366\000l\000l\000e\000r\000\040\000p\000l\000o\000t\000s}{chapter.6}% 40
\BOOKMARK [1][-]{section.6.9}{\376\377\000E\000C\000V\000\040\000c\000o\000v\000e\000r\000a\000g\000e\000\040\000t\000i\000m\000e\000\040\000s\000e\000r\000i\000e\000s\000\040\000p\000l\000o\000t\000\040\000g\000r\000i\000d}{chapter.6}% 41
\BOOKMARK [1][-]{section.6.10}{\376\377\000N\000u\000m\000b\000e\000r\000\040\000o\000f\000\040\000r\000e\000p\000o\000r\000t\000s\000\040\000a\000n\000d\000\040\000n\000u\000m\000b\000e\000r\000\040\000o\000f\000\040\000m\000o\000n\000t\000h\000s\000\040\000m\000a\000p\000s}{chapter.6}% 42
\BOOKMARK [1][-]{section.6.11}{\376\377\000M\000e\000a\000n\000\040\000o\000b\000s\000e\000r\000v\000e\000d\000\040\000v\000a\000l\000u\000e\000\040\000m\000a\000p\000s}{chapter.6}% 43
\BOOKMARK [0][-]{chapter.7}{\376\377\000A\000p\000p\000e\000n\000d\000i\000x\000\040\0002\000.\000\040\000I\000n\000d\000i\000v\000i\000d\000u\000a\000l\000\040\000s\000o\000u\000r\000c\000e\000-\000d\000e\000c\000k\000\040\000r\000e\000p\000o\000r\000t\000s\000\040\000c\000o\000n\000f\000i\000g\000u\000r\000a\000t\000i\000o\000n\000\040\000f\000i\000l\000e\000s}{}% 44
\BOOKMARK [1][-]{section.7.1}{\376\377\000M\000o\000n\000t\000h\000l\000y\000\040\000g\000r\000i\000d\000s\000\040\000\050\000f\000u\000l\000l\000\040\000d\000a\000t\000a\000s\000e\000t\000\051}{chapter.7}% 45
\BOOKMARK [1][-]{section.7.2}{\376\377\000M\000o\000n\000t\000h\000l\000y\000\040\000g\000r\000i\000d\000s\000\040\000\050\000o\000p\000t\000i\000m\000a\000l\000\040\000d\000a\000t\000a\000s\000e\000t\000\051}{chapter.7}% 46
\BOOKMARK [1][-]{section.7.3}{\376\377\000q\000i\000\137\000c\000o\000u\000n\000t\000s}{chapter.7}% 47
\BOOKMARK [1][-]{section.7.4}{\376\377\000M\000o\000n\000t\000h\000l\000y\000\040\000t\000i\000m\000e\000\040\000s\000e\000r\000i\000e\000s\000\040\000w\000i\000t\000h\000\040\000s\000o\000u\000r\000c\000e\000\040\000t\000o\000\040\000C\0003\000S\000\040\000I\000O\000\040\000f\000l\000o\000w}{chapter.7}% 48
\BOOKMARK [1][-]{section.7.5}{\376\377\000E\000C\000V\000\040\000r\000e\000p\000o\000r\000t\000s\000\040\000t\000i\000m\000e\000\040\000s\000e\000r\000i\000e\000s\000\040\000p\000l\000o\000t\000s\000\040\000\050\000a\000l\000l\000\040\000d\000a\000t\000a\000\051}{chapter.7}% 49
\BOOKMARK [1][-]{section.7.6}{\376\377\000E\000C\000V\000\040\000r\000e\000p\000o\000r\000t\000s\000\040\000t\000i\000m\000e\000\040\000s\000e\000r\000i\000e\000s\000\040\000p\000l\000o\000t\000s\000\040\000\050\000o\000p\000t\000i\000m\000a\000l\000\040\000d\000a\000t\000a\000s\000e\000t\000\051}{chapter.7}% 50
\BOOKMARK [1][-]{section.7.7}{\376\377\000O\000b\000s\000e\000r\000v\000e\000d\000\040\000p\000a\000r\000a\000m\000e\000t\000e\000r\000s\000\040\000l\000a\000t\000i\000t\000u\000d\000i\000n\000a\000l\000\040\000t\000i\000m\000e\000\040\000s\000e\000r\000i\000e\000s\000\040\000p\000l\000o\000t}{chapter.7}% 51
\BOOKMARK [1][-]{section.7.8}{\376\377\000D\000u\000p\000l\000i\000c\000a\000t\000e\000\040\000s\000t\000a\000t\000u\000s\000\040\000t\000i\000m\000e\000\040\000s\000e\000r\000i\000e\000s\000\040\000p\000l\000o\000t}{chapter.7}% 52
\BOOKMARK [1][-]{section.7.9}{\376\377\000R\000e\000p\000o\000r\000t\000\040\000q\000u\000a\000l\000i\000t\000y\000\040\000t\000i\000m\000e\000\040\000s\000e\000r\000i\000e\000s\000\040\000p\000l\000o\000t}{chapter.7}% 53
\BOOKMARK [1][-]{section.7.10}{\376\377\000D\000a\000t\000a\000\040\000I\000O\000\040\000f\000l\000o\000w\000\040\000p\000l\000o\000t}{chapter.7}% 54
